WARNING: abs already refers to: #'clojure.core/abs in namespace: medley.core, being replaced by: #'medley.core/abs
WARNING: random-uuid already refers to: #'clojure.core/random-uuid in namespace: monger.util, being replaced by: #'monger.util/random-uuid
Jul 05, 2024 6:11:19 PM com.mongodb.diagnostics.logging.JULLogger log
INFO: Cluster created with settings {hosts=[127.0.0.1:27017], mode=SINGLE, requiredClusterType=UNKNOWN, serverSelectionTimeout='30000 ms', maxWaitQueueSize=500}
Jul 05, 2024 6:11:19 PM com.mongodb.diagnostics.logging.JULLogger log
INFO: Opened connection [connectionId{localValue:1}] to 127.0.0.1:27017
Jul 05, 2024 6:11:19 PM com.mongodb.diagnostics.logging.JULLogger log
INFO: Monitor thread successfully connected to server with description ServerDescription{address=127.0.0.1:27017, type=STANDALONE, state=CONNECTED, ok=true, version=ServerVersion{versionList=[7, 0, 11]}, minWireVersion=0, maxWireVersion=21, maxDocumentSize=16777216, logicalSessionTimeoutMinutes=30, roundTripTimeNanos=1903042}
Execution error (BindException) at sun.nio.cBody ->  {"desc":"Watch Mirzapur Season 3","marked":false}
Fri Jul 05 18:11:59 IST 2024 [worker-1] ERROR - POST /todos
java.io.EOFException: JSON error (end-of-file)
	at clojure.data.json$_read.invokeStatic(json.clj:445)
	at clojure.data.json$_read.invoke(json.clj:404)
	at clojure.data.json$_read1.invokeStatic(json.clj:453)
	at clojure.data.json$_read1.invoke(json.clj:451)
	at clojure.data.json$read_str.invokeStatic(json.clj:547)
	at clojure.data.json$read_str.doInvoke(json.clj:539)
	at clojure.lang.RestFn.invoke(RestFn.java:410)
	at todo_app_backend.core$addTodo.invokeStatic(core.clj:28)
	at todo_app_backend.core$addTodo.invoke(core.clj:25)
	at todo_app_backend.core$fn__3475.invokeStatic(core.clj:36)
	at todo_app_backend.core$fn__3475.invoke(core.clj:36)
	at compojure.core$wrap_response$fn__2513.invoke(core.clj:158)
	at compojure.core$wrap_route_middleware$fn__2497.invoke(core.clj:128)
	at compojure.core$wrap_route_info$fn__2502.invoke(core.clj:137)
	at compojure.core$wrap_route_matches$fn__2506.invoke(core.clj:146)
	at compojure.core$routing$fn__2521.invoke(core.clj:185)
	at clojure.core$some.invokeStatic(core.clj:2718)
	at clojure.core$some.invoke(core.clj:2709)
	at compojure.core$routing.invokeStatic(core.clj:185)
	at compojure.core$routing.doInvoke(core.clj:182)
	at clojure.lang.RestFn.applyTo(RestFn.java:139)
	at clojure.core$apply.invokeStatic(core.clj:669)
	at clojure.core$apply.invoke(core.clj:662)
	at compojure.core$routes$fn__2525.invoke(core.clj:192)
	at org.httpkit.server.HttpHandler.run(RingHandler.java:115)
	at java.base/java.util.concurrent.Executors$RunnableAdapter.call(Executors.java:539)
	at java.base/java.util.concurrent.FutureTask.run(FutureTask.java:264)
	at java.base/java.util.concurrent.ThreadPoolExecutor.runWorker(ThreadPoolExecutor.java:1136)
	at java.base/java.util.concurrent.ThreadPoolExecutor$Worker.run(ThreadPoolExecutor.java:635)
	at java.base/java.lang.Thread.run(Thread.java:840)
Body ->  {"desc":"Watch Mirzapur Season 3","marked":false}
Fri Jul 05 21:14:27 IST 2024 [worker-2] ERROR - POST /todos
java.io.EOFException: JSON error (end-of-file)
	at clojure.data.json$_read.invokeStatic(json.clj:445)
	at clojure.data.json$_read.invoke(json.clj:404)
	at clojure.data.json$_read1.invokeStatic(json.clj:453)
	at clojure.data.json$_read1.invoke(json.clj:451)
	at clojure.data.json$read_str.invokeStatic(json.clj:547)
	at clojure.data.json$read_str.doInvoke(json.clj:539)
	at clojure.lang.RestFn.invoke(RestFn.java:410)
	at todo_app_backend.core$addTodo.invokeStatic(core.clj:28)
	at todo_app_backend.core$addTodo.invoke(core.clj:25)
	at todo_app_backend.core$fn__3475.invokeStatic(core.clj:36)
	at todo_app_backend.core$fn__3475.invoke(core.clj:36)
	at compojure.core$wrap_response$fn__2513.invoke(core.clj:158)
	at compojure.core$wrap_route_middleware$fn__2497.invoke(core.clj:128)
	at compojure.core$wrap_route_info$fn__2502.invoke(core.clj:137)
	at compojure.core$wrap_route_matches$fn__2506.invoke(core.clj:146)
	at compojure.core$routing$fn__2521.invoke(core.clj:185)
	at clojure.core$some.invokeStatic(core.clj:2718)
	at clojure.core$some.invoke(core.clj:2709)
	at compojure.core$routing.invokeStatic(core.clj:185)
	at compojure.core$routing.doInvoke(core.clj:182)
	at clojure.lang.RestFn.applyTo(RestFn.java:139)
	at clojure.core$apply.invokeStatic(core.clj:669)
	at clojure.core$apply.invoke(core.clj:662)
	at compojure.core$routes$fn__2525.invoke(core.clj:192)
	at org.httpkit.server.HttpHandler.run(RingHandler.java:115)
	at java.base/java.util.concurrent.Executors$RunnableAdapter.call(Executors.java:539)
	at java.base/java.util.concurrent.FutureTask.run(FutureTask.java:264)
	at java.base/java.util.concurrent.ThreadPoolExecutor.runWorker(ThreadPoolExecutor.java:1136)
	at java.base/java.util.concurrent.ThreadPoolExecutor$Worker.run(ThreadPoolExecutor.java:635)
	at java.base/java.lang.Thread.run(Thread.java:840)
